# JRE version: Java(TM) SE Runtime Environment (21.0.7+8) (build 21.0.7+8-LTS-245)
# Java VM: Java HotSpot(TM) 64-Bit Server VM (21.0.7+8-LTS-245, mixed mode, sharing, tiered, compressed oops, compressed class ptrs, g1 gc, windows-amd64)
GC Precious Log:
 CardTable entry size: 512
 Card Set container configuration: InlinePtr #cards 5 size 8 Array Of Cards #cards 12 size 40 Howl #buckets 4 coarsen threshold 1843 Howl Bitmap #cards 512 size 80 coarsen threshold 460 Card regions per heap region 1 cards per card region 2048
 CPUs: 4 total, 4 available
 Memory: 8072M
 Large Page Support: Disabled
 NUMA Support: Disabled
 Compressed Oops: Enabled (32-bit)
 Heap Region Size: 1M
 Heap Min Capacity: 8M
 Heap Initial Capacity: 128M
 Heap Max Capacity: 2020M
 Pre-touch: Disabled
 Parallel Workers: 4
 Concurrent Workers: 1
 Concurrent Refinement Workers: 4
 Periodic GC: Disabled
Heap:
 garbage-first heap   total 37888K, used 20389K [0x0000000081c00000, 0x0000000100000000)
  region size 1024K, 4 young (4096K), 2 survivors (2048K)
 Metaspace       used 34413K, committed 34944K, reserved 1114112K
  class space    used 4296K, committed 4544K, reserved 1048576K
GC Heap History (14 events):
Event: 2.589 GC heap before
{Heap before GC invocations=0 (full 0):
 garbage-first heap   total 131072K, used 13312K [0x0000000081c00000, 0x0000000100000000)
  region size 1024K, 13 young (13312K), 0 survivors (0K)
 Metaspace       used 3911K, committed 4096K, reserved 1114112K
  class space    used 433K, committed 512K, reserved 1048576K
}
Event: 2.598 GC heap after
{Heap after GC invocations=1 (full 0):
 garbage-first heap   total 131072K, used 3759K [0x0000000081c00000, 0x0000000100000000)
  region size 1024K, 2 young (2048K), 2 survivors (2048K)
 Metaspace       used 3911K, committed 4096K, reserved 1114112K
  class space    used 433K, committed 512K, reserved 1048576K
}
Event: 4.513 GC heap before
{Heap before GC invocations=1 (full 0):
 garbage-first heap   total 131072K, used 19119K [0x0000000081c00000, 0x0000000100000000)
  region size 1024K, 18 young (18432K), 2 survivors (2048K)
 Metaspace       used 8280K, committed 8512K, reserved 1114112K
  class space    used 996K, committed 1088K, reserved 1048576K
}
Event: 4.521 GC heap after
{Heap after GC invocations=2 (full 0):
 garbage-first heap   total 131072K, used 5418K [0x0000000081c00000, 0x0000000100000000)
  region size 1024K, 2 young (2048K), 2 survivors (2048K)
 Metaspace       used 8280K, committed 8512K, reserved 1114112K
  class space    used 996K, committed 1088K, reserved 1048576K
}
Event: 11.884 GC heap before
{Heap before GC invocations=2 (full 0):
 garbage-first heap   total 131072K, used 65834K [0x0000000081c00000, 0x0000000100000000)
  region size 1024K, 63 young (64512K), 2 survivors (2048K)
 Metaspace       used 21147K, committed 21504K, reserved 1114112K
  class space    used 2588K, committed 2752K, reserved 1048576K
}
Event: 11.917 GC heap after
{Heap after GC invocations=3 (full 0):
 garbage-first heap   total 131072K, used 11018K [0x0000000081c00000, 0x0000000100000000)
  region size 1024K, 7 young (7168K), 7 survivors (7168K)
 Metaspace       used 21147K, committed 21504K, reserved 1114112K
  class space    used 2588K, committed 2752K, reserved 1048576K
}
Event: 14.177 GC heap before
{Heap before GC invocations=4 (full 0):
 garbage-first heap   total 37888K, used 26378K [0x0000000081c00000, 0x0000000100000000)
  region size 1024K, 22 young (22528K), 7 survivors (7168K)
 Metaspace       used 24629K, committed 25024K, reserved 1114112K
  class space    used 3045K, committed 3200K, reserved 1048576K
}
Event: 14.194 GC heap after
{Heap after GC invocations=5 (full 0):
 garbage-first heap   total 37888K, used 13013K [0x0000000081c00000, 0x0000000100000000)
  region size 1024K, 3 young (3072K), 3 survivors (3072K)
 Metaspace       used 24629K, committed 25024K, reserved 1114112K
  class space    used 3045K, committed 3200K, reserved 1048576K
}
Event: 17.624 GC heap before
{Heap before GC invocations=5 (full 0):
 garbage-first heap   total 37888K, used 28373K [0x0000000081c00000, 0x0000000100000000)
  region size 1024K, 18 young (18432K), 3 survivors (3072K)
 Metaspace       used 27501K, committed 27968K, reserved 1114112K
  class space    used 3420K, committed 3648K, reserved 1048576K
}
Event: 17.641 GC heap after
{Heap after GC invocations=6 (full 0):
 garbage-first heap   total 37888K, used 15135K [0x0000000081c00000, 0x0000000100000000)
  region size 1024K, 2 young (2048K), 2 survivors (2048K)
 Metaspace       used 27501K, committed 27968K, reserved 1114112K
  class space    used 3420K, committed 3648K, reserved 1048576K
}
Event: 40.921 GC heap before
{Heap before GC invocations=6 (full 0):
 garbage-first heap   total 37888K, used 30495K [0x0000000081c00000, 0x0000000100000000)
  region size 1024K, 17 young (17408K), 2 survivors (2048K)
 Metaspace       used 30958K, committed 31552K, reserved 1114112K
  class space    used 3879K, committed 4160K, reserved 1048576K
}
Event: 40.932 GC heap after
{Heap after GC invocations=7 (full 0):
 garbage-first heap   total 37888K, used 16703K [0x0000000081c00000, 0x0000000100000000)
  region size 1024K, 2 young (2048K), 2 survivors (2048K)
 Metaspace       used 30958K, committed 31552K, reserved 1114112K
  class space    used 3879K, committed 4160K, reserved 1048576K
}
Event: 58.822 GC heap before
{Heap before GC invocations=7 (full 0):
 garbage-first heap   total 37888K, used 30015K [0x0000000081c00000, 0x0000000100000000)
  region size 1024K, 16 young (16384K), 2 survivors (2048K)
 Metaspace       used 34391K, committed 34944K, reserved 1114112K
  class space    used 4295K, committed 4544K, reserved 1048576K
}
Event: 58.834 GC heap after
{Heap after GC invocations=8 (full 0):
 garbage-first heap   total 37888K, used 19365K [0x0000000081c00000, 0x0000000100000000)
  region size 1024K, 2 young (2048K), 2 survivors (2048K)
 Metaspace       used 34391K, committed 34944K, reserved 1114112K
  class space    used 4295K, committed 4544K, reserved 1048576K
}

